2025-09-28 16:41:21,389 - httpx - INFO - HTTP Request: POST https://api.telegram.org/bot8343972861:AAEXiWYV-7Agb-5yIlQBKD74QwhPUeI3n24/getMe "HTTP/1.1 401 Unauthorized"
2025-09-28 16:44:18,064 - httpx - INFO - HTTP Request: POST https://api.telegram.org/bot8343972861:AAEUAY6VAoAsWn58RzlaCCkzjEFN7uJbiSU/getMe "HTTP/1.1 200 OK"
2025-09-28 16:44:18,124 - httpx - INFO - HTTP Request: POST https://api.telegram.org/bot8343972861:AAEUAY6VAoAsWn58RzlaCCkzjEFN7uJbiSU/deleteWebhook "HTTP/1.1 200 OK"
2025-09-28 16:44:18,126 - apscheduler.scheduler - INFO - Scheduler started
2025-09-28 16:44:18,126 - telegram.ext.Application - INFO - Application started
2025-09-28 16:44:28,460 - httpx - INFO - HTTP Request: POST https://api.telegram.org/bot8343972861:AAEUAY6VAoAsWn58RzlaCCkzjEFN7uJbiSU/getUpdates "HTTP/1.1 200 OK"
2025-09-28 16:44:38,528 - httpx - INFO - HTTP Request: POST https://api.telegram.org/bot8343972861:AAEUAY6VAoAsWn58RzlaCCkzjEFN7uJbiSU/getUpdates "HTTP/1.1 200 OK"
2025-09-28 16:44:48,591 - httpx - INFO - HTTP Request: POST https://api.telegram.org/bot8343972861:AAEUAY6VAoAsWn58RzlaCCkzjEFN7uJbiSU/getUpdates "HTTP/1.1 200 OK"
2025-09-28 16:44:58,698 - httpx - INFO - HTTP Request: POST https://api.telegram.org/bot8343972861:AAEUAY6VAoAsWn58RzlaCCkzjEFN7uJbiSU/getUpdates "HTTP/1.1 200 OK"
2025-09-28 16:45:03,569 - httpx - INFO - HTTP Request: POST https://api.telegram.org/bot8343972861:AAEUAY6VAoAsWn58RzlaCCkzjEFN7uJbiSU/getUpdates "HTTP/1.1 200 OK"
2025-09-28 16:45:03,829 - httpx - INFO - HTTP Request: POST https://api.telegram.org/bot8343972861:AAEUAY6VAoAsWn58RzlaCCkzjEFN7uJbiSU/answerCallbackQuery "HTTP/1.1 200 OK"
2025-09-28 16:45:03,951 - httpx - INFO - HTTP Request: POST https://api.telegram.org/bot8343972861:AAEUAY6VAoAsWn58RzlaCCkzjEFN7uJbiSU/sendMessage "HTTP/1.1 200 OK"
2025-09-28 16:45:04,329 - httpx - INFO - HTTP Request: POST https://api.telegram.org/bot8343972861:AAEUAY6VAoAsWn58RzlaCCkzjEFN7uJbiSU/sendMessage "HTTP/1.1 200 OK"
2025-09-28 16:45:09,269 - httpx - INFO - HTTP Request: POST https://api.telegram.org/bot8343972861:AAEUAY6VAoAsWn58RzlaCCkzjEFN7uJbiSU/getUpdates "HTTP/1.1 200 OK"
2025-09-28 16:45:09,340 - httpx - INFO - HTTP Request: POST https://api.telegram.org/bot8343972861:AAEUAY6VAoAsWn58RzlaCCkzjEFN7uJbiSU/answerCallbackQuery "HTTP/1.1 200 OK"
2025-09-28 16:45:09,430 - httpx - INFO - HTTP Request: POST https://api.telegram.org/bot8343972861:AAEUAY6VAoAsWn58RzlaCCkzjEFN7uJbiSU/sendMessage "HTTP/1.1 200 OK"
2025-09-28 16:45:09,528 - httpx - INFO - HTTP Request: POST https://api.telegram.org/bot8343972861:AAEUAY6VAoAsWn58RzlaCCkzjEFN7uJbiSU/sendMessage "HTTP/1.1 200 OK"
2025-09-28 16:45:12,275 - httpx - INFO - HTTP Request: POST https://api.telegram.org/bot8343972861:AAEUAY6VAoAsWn58RzlaCCkzjEFN7uJbiSU/getUpdates "HTTP/1.1 200 OK"
2025-09-28 16:45:12,345 - httpx - INFO - HTTP Request: POST https://api.telegram.org/bot8343972861:AAEUAY6VAoAsWn58RzlaCCkzjEFN7uJbiSU/answerCallbackQuery "HTTP/1.1 200 OK"
2025-09-28 16:45:12,435 - httpx - INFO - HTTP Request: POST https://api.telegram.org/bot8343972861:AAEUAY6VAoAsWn58RzlaCCkzjEFN7uJbiSU/sendMessage "HTTP/1.1 200 OK"
2025-09-28 16:45:12,526 - httpx - INFO - HTTP Request: POST https://api.telegram.org/bot8343972861:AAEUAY6VAoAsWn58RzlaCCkzjEFN7uJbiSU/sendMessage "HTTP/1.1 200 OK"
2025-09-28 16:45:17,202 - httpx - INFO - HTTP Request: POST https://api.telegram.org/bot8343972861:AAEUAY6VAoAsWn58RzlaCCkzjEFN7uJbiSU/getUpdates "HTTP/1.1 200 OK"
2025-09-28 16:45:17,280 - httpx - INFO - HTTP Request: POST https://api.telegram.org/bot8343972861:AAEUAY6VAoAsWn58RzlaCCkzjEFN7uJbiSU/answerCallbackQuery "HTTP/1.1 200 OK"
2025-09-28 16:45:17,359 - httpx - INFO - HTTP Request: POST https://api.telegram.org/bot8343972861:AAEUAY6VAoAsWn58RzlaCCkzjEFN7uJbiSU/editMessageText "HTTP/1.1 200 OK"
2025-09-28 16:45:27,265 - httpx - INFO - HTTP Request: POST https://api.telegram.org/bot8343972861:AAEUAY6VAoAsWn58RzlaCCkzjEFN7uJbiSU/getUpdates "HTTP/1.1 200 OK"
2025-09-28 16:45:37,327 - httpx - INFO - HTTP Request: POST https://api.telegram.org/bot8343972861:AAEUAY6VAoAsWn58RzlaCCkzjEFN7uJbiSU/getUpdates "HTTP/1.1 200 OK"
2025-09-28 16:45:47,395 - httpx - INFO - HTTP Request: POST https://api.telegram.org/bot8343972861:AAEUAY6VAoAsWn58RzlaCCkzjEFN7uJbiSU/getUpdates "HTTP/1.1 200 OK"
2025-09-28 16:45:57,477 - httpx - INFO - HTTP Request: POST https://api.telegram.org/bot8343972861:AAEUAY6VAoAsWn58RzlaCCkzjEFN7uJbiSU/getUpdates "HTTP/1.1 200 OK"
2025-09-28 16:46:07,544 - httpx - INFO - HTTP Request: POST https://api.telegram.org/bot8343972861:AAEUAY6VAoAsWn58RzlaCCkzjEFN7uJbiSU/getUpdates "HTTP/1.1 200 OK"
2025-09-28 16:46:17,751 - httpx - INFO - HTTP Request: POST https://api.telegram.org/bot8343972861:AAEUAY6VAoAsWn58RzlaCCkzjEFN7uJbiSU/getUpdates "HTTP/1.1 200 OK"
2025-09-28 16:46:27,816 - httpx - INFO - HTTP Request: POST https://api.telegram.org/bot8343972861:AAEUAY6VAoAsWn58RzlaCCkzjEFN7uJbiSU/getUpdates "HTTP/1.1 200 OK"
2025-09-28 16:46:37,924 - httpx - INFO - HTTP Request: POST https://api.telegram.org/bot8343972861:AAEUAY6VAoAsWn58RzlaCCkzjEFN7uJbiSU/getUpdates "HTTP/1.1 200 OK"
2025-09-28 16:46:47,984 - httpx - INFO - HTTP Request: POST https://api.telegram.org/bot8343972861:AAEUAY6VAoAsWn58RzlaCCkzjEFN7uJbiSU/getUpdates "HTTP/1.1 200 OK"
2025-09-28 16:46:58,088 - httpx - INFO - HTTP Request: POST https://api.telegram.org/bot8343972861:AAEUAY6VAoAsWn58RzlaCCkzjEFN7uJbiSU/getUpdates "HTTP/1.1 200 OK"
2025-09-28 16:47:08,190 - httpx - INFO - HTTP Request: POST https://api.telegram.org/bot8343972861:AAEUAY6VAoAsWn58RzlaCCkzjEFN7uJbiSU/getUpdates "HTTP/1.1 200 OK"
2025-09-28 16:47:18,406 - httpx - INFO - HTTP Request: POST https://api.telegram.org/bot8343972861:AAEUAY6VAoAsWn58RzlaCCkzjEFN7uJbiSU/getUpdates "HTTP/1.1 200 OK"
2025-09-28 16:47:28,469 - httpx - INFO - HTTP Request: POST https://api.telegram.org/bot8343972861:AAEUAY6VAoAsWn58RzlaCCkzjEFN7uJbiSU/getUpdates "HTTP/1.1 200 OK"
2025-09-28 16:47:38,605 - httpx - INFO - HTTP Request: POST https://api.telegram.org/bot8343972861:AAEUAY6VAoAsWn58RzlaCCkzjEFN7uJbiSU/getUpdates "HTTP/1.1 200 OK"
2025-09-28 16:47:48,789 - httpx - INFO - HTTP Request: POST https://api.telegram.org/bot8343972861:AAEUAY6VAoAsWn58RzlaCCkzjEFN7uJbiSU/getUpdates "HTTP/1.1 200 OK"
2025-09-28 16:47:58,897 - httpx - INFO - HTTP Request: POST https://api.telegram.org/bot8343972861:AAEUAY6VAoAsWn58RzlaCCkzjEFN7uJbiSU/getUpdates "HTTP/1.1 200 OK"
2025-09-28 16:48:09,044 - httpx - INFO - HTTP Request: POST https://api.telegram.org/bot8343972861:AAEUAY6VAoAsWn58RzlaCCkzjEFN7uJbiSU/getUpdates "HTTP/1.1 200 OK"
2025-09-28 16:48:19,229 - httpx - INFO - HTTP Request: POST https://api.telegram.org/bot8343972861:AAEUAY6VAoAsWn58RzlaCCkzjEFN7uJbiSU/getUpdates "HTTP/1.1 200 OK"
2025-09-28 16:48:29,458 - httpx - INFO - HTTP Request: POST https://api.telegram.org/bot8343972861:AAEUAY6VAoAsWn58RzlaCCkzjEFN7uJbiSU/getUpdates "HTTP/1.1 200 OK"
2025-09-28 16:48:39,555 - httpx - INFO - HTTP Request: POST https://api.telegram.org/bot8343972861:AAEUAY6VAoAsWn58RzlaCCkzjEFN7uJbiSU/getUpdates "HTTP/1.1 200 OK"
2025-09-28 16:48:49,695 - httpx - INFO - HTTP Request: POST https://api.telegram.org/bot8343972861:AAEUAY6VAoAsWn58RzlaCCkzjEFN7uJbiSU/getUpdates "HTTP/1.1 200 OK"
2025-09-28 16:48:59,777 - httpx - INFO - HTTP Request: POST https://api.telegram.org/bot8343972861:AAEUAY6VAoAsWn58RzlaCCkzjEFN7uJbiSU/getUpdates "HTTP/1.1 200 OK"
2025-09-28 16:49:09,880 - httpx - INFO - HTTP Request: POST https://api.telegram.org/bot8343972861:AAEUAY6VAoAsWn58RzlaCCkzjEFN7uJbiSU/getUpdates "HTTP/1.1 200 OK"
2025-09-28 16:49:20,125 - httpx - INFO - HTTP Request: POST https://api.telegram.org/bot8343972861:AAEUAY6VAoAsWn58RzlaCCkzjEFN7uJbiSU/getUpdates "HTTP/1.1 200 OK"
2025-09-28 16:49:29,056 - httpx - INFO - HTTP Request: POST https://api.telegram.org/bot8343972861:AAEUAY6VAoAsWn58RzlaCCkzjEFN7uJbiSU/getUpdates "HTTP/1.1 200 OK"
2025-09-28 16:49:29,414 - httpx - INFO - HTTP Request: POST https://api.telegram.org/bot8343972861:AAEUAY6VAoAsWn58RzlaCCkzjEFN7uJbiSU/sendMessage "HTTP/1.1 200 OK"
2025-09-28 16:49:39,219 - httpx - INFO - HTTP Request: POST https://api.telegram.org/bot8343972861:AAEUAY6VAoAsWn58RzlaCCkzjEFN7uJbiSU/getUpdates "HTTP/1.1 200 OK"
2025-09-28 16:49:49,526 - httpx - INFO - HTTP Request: POST https://api.telegram.org/bot8343972861:AAEUAY6VAoAsWn58RzlaCCkzjEFN7uJbiSU/getUpdates "HTTP/1.1 200 OK"
2025-09-28 16:49:59,588 - httpx - INFO - HTTP Request: POST https://api.telegram.org/bot8343972861:AAEUAY6VAoAsWn58RzlaCCkzjEFN7uJbiSU/getUpdates "HTTP/1.1 200 OK"
2025-09-28 16:50:09,701 - httpx - INFO - HTTP Request: POST https://api.telegram.org/bot8343972861:AAEUAY6VAoAsWn58RzlaCCkzjEFN7uJbiSU/getUpdates "HTTP/1.1 200 OK"
2025-09-28 16:50:19,763 - httpx - INFO - HTTP Request: POST https://api.telegram.org/bot8343972861:AAEUAY6VAoAsWn58RzlaCCkzjEFN7uJbiSU/getUpdates "HTTP/1.1 200 OK"
2025-09-28 16:50:29,973 - httpx - INFO - HTTP Request: POST https://api.telegram.org/bot8343972861:AAEUAY6VAoAsWn58RzlaCCkzjEFN7uJbiSU/getUpdates "HTTP/1.1 200 OK"
2025-09-28 16:50:40,073 - httpx - INFO - HTTP Request: POST https://api.telegram.org/bot8343972861:AAEUAY6VAoAsWn58RzlaCCkzjEFN7uJbiSU/getUpdates "HTTP/1.1 200 OK"
2025-09-28 16:50:50,279 - httpx - INFO - HTTP Request: POST https://api.telegram.org/bot8343972861:AAEUAY6VAoAsWn58RzlaCCkzjEFN7uJbiSU/getUpdates "HTTP/1.1 200 OK"
2025-09-28 16:51:00,599 - httpx - INFO - HTTP Request: POST https://api.telegram.org/bot8343972861:AAEUAY6VAoAsWn58RzlaCCkzjEFN7uJbiSU/getUpdates "HTTP/1.1 200 OK"
2025-09-28 16:51:10,673 - httpx - INFO - HTTP Request: POST https://api.telegram.org/bot8343972861:AAEUAY6VAoAsWn58RzlaCCkzjEFN7uJbiSU/getUpdates "HTTP/1.1 200 OK"
2025-09-28 16:51:20,739 - httpx - INFO - HTTP Request: POST https://api.telegram.org/bot8343972861:AAEUAY6VAoAsWn58RzlaCCkzjEFN7uJbiSU/getUpdates "HTTP/1.1 200 OK"
2025-09-28 16:51:30,852 - httpx - INFO - HTTP Request: POST https://api.telegram.org/bot8343972861:AAEUAY6VAoAsWn58RzlaCCkzjEFN7uJbiSU/getUpdates "HTTP/1.1 200 OK"
2025-09-28 16:51:41,033 - httpx - INFO - HTTP Request: POST https://api.telegram.org/bot8343972861:AAEUAY6VAoAsWn58RzlaCCkzjEFN7uJbiSU/getUpdates "HTTP/1.1 200 OK"
2025-09-28 16:51:51,100 - httpx - INFO - HTTP Request: POST https://api.telegram.org/bot8343972861:AAEUAY6VAoAsWn58RzlaCCkzjEFN7uJbiSU/getUpdates "HTTP/1.1 200 OK"
2025-09-28 16:52:01,220 - httpx - INFO - HTTP Request: POST https://api.telegram.org/bot8343972861:AAEUAY6VAoAsWn58RzlaCCkzjEFN7uJbiSU/getUpdates "HTTP/1.1 200 OK"
2025-09-28 16:52:11,650 - httpx - INFO - HTTP Request: POST https://api.telegram.org/bot8343972861:AAEUAY6VAoAsWn58RzlaCCkzjEFN7uJbiSU/getUpdates "HTTP/1.1 200 OK"
2025-09-28 16:52:20,995 - httpx - INFO - HTTP Request: POST https://api.telegram.org/bot8343972861:AAEUAY6VAoAsWn58RzlaCCkzjEFN7uJbiSU/getUpdates "HTTP/1.1 200 OK"
2025-09-28 16:52:20,997 - telegram.ext.Application - INFO - Application is stopping. This might take a moment.
2025-09-28 16:52:20,999 - apscheduler.scheduler - INFO - Scheduler has been shut down
2025-09-28 16:52:21,010 - telegram.ext.Application - INFO - Application.stop() complete
2025-09-28 16:53:23,180 - httpx - INFO - HTTP Request: POST https://api.telegram.org/bot8343972861:AAEUAY6VAoAsWn58RzlaCCkzjEFN7uJbiSU/getMe "HTTP/1.1 200 OK"
2025-09-28 16:53:23,247 - httpx - INFO - HTTP Request: POST https://api.telegram.org/bot8343972861:AAEUAY6VAoAsWn58RzlaCCkzjEFN7uJbiSU/deleteWebhook "HTTP/1.1 200 OK"
2025-09-28 16:53:23,249 - apscheduler.scheduler - INFO - Scheduler started
2025-09-28 16:53:23,249 - telegram.ext.Application - INFO - Application started
2025-09-28 16:53:33,500 - httpx - INFO - HTTP Request: POST https://api.telegram.org/bot8343972861:AAEUAY6VAoAsWn58RzlaCCkzjEFN7uJbiSU/getUpdates "HTTP/1.1 200 OK"
2025-09-28 16:53:37,255 - httpx - INFO - HTTP Request: POST https://api.telegram.org/bot8343972861:AAEUAY6VAoAsWn58RzlaCCkzjEFN7uJbiSU/getUpdates "HTTP/1.1 200 OK"
2025-09-28 16:53:37,748 - httpx - INFO - HTTP Request: POST https://api.telegram.org/bot8343972861:AAEUAY6VAoAsWn58RzlaCCkzjEFN7uJbiSU/sendMessage "HTTP/1.1 200 OK"
2025-09-28 16:53:41,557 - httpx - INFO - HTTP Request: POST https://api.telegram.org/bot8343972861:AAEUAY6VAoAsWn58RzlaCCkzjEFN7uJbiSU/getUpdates "HTTP/1.1 200 OK"
2025-09-28 16:53:41,682 - httpx - INFO - HTTP Request: POST https://api.telegram.org/bot8343972861:AAEUAY6VAoAsWn58RzlaCCkzjEFN7uJbiSU/answerCallbackQuery "HTTP/1.1 200 OK"
2025-09-28 16:53:42,425 - httpx - INFO - HTTP Request: POST https://api.telegram.org/bot8343972861:AAEUAY6VAoAsWn58RzlaCCkzjEFN7uJbiSU/editMessageText "HTTP/1.1 200 OK"
2025-09-28 16:53:51,624 - httpx - INFO - HTTP Request: POST https://api.telegram.org/bot8343972861:AAEUAY6VAoAsWn58RzlaCCkzjEFN7uJbiSU/getUpdates "HTTP/1.1 200 OK"
2025-09-28 16:54:01,690 - httpx - INFO - HTTP Request: POST https://api.telegram.org/bot8343972861:AAEUAY6VAoAsWn58RzlaCCkzjEFN7uJbiSU/getUpdates "HTTP/1.1 200 OK"
2025-09-28 16:54:11,752 - httpx - INFO - HTTP Request: POST https://api.telegram.org/bot8343972861:AAEUAY6VAoAsWn58RzlaCCkzjEFN7uJbiSU/getUpdates "HTTP/1.1 200 OK"
2025-09-28 16:54:21,828 - httpx - INFO - HTTP Request: POST https://api.telegram.org/bot8343972861:AAEUAY6VAoAsWn58RzlaCCkzjEFN7uJbiSU/getUpdates "HTTP/1.1 200 OK"
2025-09-28 16:54:31,900 - httpx - INFO - HTTP Request: POST https://api.telegram.org/bot8343972861:AAEUAY6VAoAsWn58RzlaCCkzjEFN7uJbiSU/getUpdates "HTTP/1.1 200 OK"
2025-09-28 16:54:41,966 - httpx - INFO - HTTP Request: POST https://api.telegram.org/bot8343972861:AAEUAY6VAoAsWn58RzlaCCkzjEFN7uJbiSU/getUpdates "HTTP/1.1 200 OK"
2025-09-28 16:54:52,029 - httpx - INFO - HTTP Request: POST https://api.telegram.org/bot8343972861:AAEUAY6VAoAsWn58RzlaCCkzjEFN7uJbiSU/getUpdates "HTTP/1.1 200 OK"
2025-09-28 16:55:02,109 - httpx - INFO - HTTP Request: POST https://api.telegram.org/bot8343972861:AAEUAY6VAoAsWn58RzlaCCkzjEFN7uJbiSU/getUpdates "HTTP/1.1 200 OK"
2025-09-28 16:55:12,176 - httpx - INFO - HTTP Request: POST https://api.telegram.org/bot8343972861:AAEUAY6VAoAsWn58RzlaCCkzjEFN7uJbiSU/getUpdates "HTTP/1.1 200 OK"
2025-09-28 16:55:22,238 - httpx - INFO - HTTP Request: POST https://api.telegram.org/bot8343972861:AAEUAY6VAoAsWn58RzlaCCkzjEFN7uJbiSU/getUpdates "HTTP/1.1 200 OK"
2025-09-28 16:55:32,302 - httpx - INFO - HTTP Request: POST https://api.telegram.org/bot8343972861:AAEUAY6VAoAsWn58RzlaCCkzjEFN7uJbiSU/getUpdates "HTTP/1.1 200 OK"
2025-09-28 16:55:42,364 - httpx - INFO - HTTP Request: POST https://api.telegram.org/bot8343972861:AAEUAY6VAoAsWn58RzlaCCkzjEFN7uJbiSU/getUpdates "HTTP/1.1 200 OK"
2025-09-28 16:55:52,427 - httpx - INFO - HTTP Request: POST https://api.telegram.org/bot8343972861:AAEUAY6VAoAsWn58RzlaCCkzjEFN7uJbiSU/getUpdates "HTTP/1.1 200 OK"
2025-09-28 16:56:02,565 - httpx - INFO - HTTP Request: POST https://api.telegram.org/bot8343972861:AAEUAY6VAoAsWn58RzlaCCkzjEFN7uJbiSU/getUpdates "HTTP/1.1 200 OK"
2025-09-28 16:56:12,631 - httpx - INFO - HTTP Request: POST https://api.telegram.org/bot8343972861:AAEUAY6VAoAsWn58RzlaCCkzjEFN7uJbiSU/getUpdates "HTTP/1.1 200 OK"
2025-09-28 16:56:22,693 - httpx - INFO - HTTP Request: POST https://api.telegram.org/bot8343972861:AAEUAY6VAoAsWn58RzlaCCkzjEFN7uJbiSU/getUpdates "HTTP/1.1 200 OK"
2025-09-28 16:56:32,755 - httpx - INFO - HTTP Request: POST https://api.telegram.org/bot8343972861:AAEUAY6VAoAsWn58RzlaCCkzjEFN7uJbiSU/getUpdates "HTTP/1.1 200 OK"
2025-09-28 16:56:42,826 - httpx - INFO - HTTP Request: POST https://api.telegram.org/bot8343972861:AAEUAY6VAoAsWn58RzlaCCkzjEFN7uJbiSU/getUpdates "HTTP/1.1 200 OK"
2025-09-28 16:56:52,944 - httpx - INFO - HTTP Request: POST https://api.telegram.org/bot8343972861:AAEUAY6VAoAsWn58RzlaCCkzjEFN7uJbiSU/getUpdates "HTTP/1.1 200 OK"
2025-09-28 16:57:03,008 - httpx - INFO - HTTP Request: POST https://api.telegram.org/bot8343972861:AAEUAY6VAoAsWn58RzlaCCkzjEFN7uJbiSU/getUpdates "HTTP/1.1 200 OK"
2025-09-28 16:57:13,071 - httpx - INFO - HTTP Request: POST https://api.telegram.org/bot8343972861:AAEUAY6VAoAsWn58RzlaCCkzjEFN7uJbiSU/getUpdates "HTTP/1.1 200 OK"
2025-09-28 16:57:23,137 - httpx - INFO - HTTP Request: POST https://api.telegram.org/bot8343972861:AAEUAY6VAoAsWn58RzlaCCkzjEFN7uJbiSU/getUpdates "HTTP/1.1 200 OK"
2025-09-28 16:57:33,201 - httpx - INFO - HTTP Request: POST https://api.telegram.org/bot8343972861:AAEUAY6VAoAsWn58RzlaCCkzjEFN7uJbiSU/getUpdates "HTTP/1.1 200 OK"
2025-09-28 16:57:43,266 - httpx - INFO - HTTP Request: POST https://api.telegram.org/bot8343972861:AAEUAY6VAoAsWn58RzlaCCkzjEFN7uJbiSU/getUpdates "HTTP/1.1 200 OK"
2025-09-28 16:57:53,331 - httpx - INFO - HTTP Request: POST https://api.telegram.org/bot8343972861:AAEUAY6VAoAsWn58RzlaCCkzjEFN7uJbiSU/getUpdates "HTTP/1.1 200 OK"
2025-09-28 16:58:03,392 - httpx - INFO - HTTP Request: POST https://api.telegram.org/bot8343972861:AAEUAY6VAoAsWn58RzlaCCkzjEFN7uJbiSU/getUpdates "HTTP/1.1 200 OK"
2025-09-28 16:58:13,531 - httpx - INFO - HTTP Request: POST https://api.telegram.org/bot8343972861:AAEUAY6VAoAsWn58RzlaCCkzjEFN7uJbiSU/getUpdates "HTTP/1.1 200 OK"
2025-09-28 16:58:23,621 - httpx - INFO - HTTP Request: POST https://api.telegram.org/bot8343972861:AAEUAY6VAoAsWn58RzlaCCkzjEFN7uJbiSU/getUpdates "HTTP/1.1 200 OK"
2025-09-28 16:58:33,685 - httpx - INFO - HTTP Request: POST https://api.telegram.org/bot8343972861:AAEUAY6VAoAsWn58RzlaCCkzjEFN7uJbiSU/getUpdates "HTTP/1.1 200 OK"
2025-09-28 16:58:43,760 - httpx - INFO - HTTP Request: POST https://api.telegram.org/bot8343972861:AAEUAY6VAoAsWn58RzlaCCkzjEFN7uJbiSU/getUpdates "HTTP/1.1 200 OK"
2025-09-28 16:58:53,821 - httpx - INFO - HTTP Request: POST https://api.telegram.org/bot8343972861:AAEUAY6VAoAsWn58RzlaCCkzjEFN7uJbiSU/getUpdates "HTTP/1.1 200 OK"
2025-09-28 16:59:03,883 - httpx - INFO - HTTP Request: POST https://api.telegram.org/bot8343972861:AAEUAY6VAoAsWn58RzlaCCkzjEFN7uJbiSU/getUpdates "HTTP/1.1 200 OK"
2025-09-28 16:59:13,949 - httpx - INFO - HTTP Request: POST https://api.telegram.org/bot8343972861:AAEUAY6VAoAsWn58RzlaCCkzjEFN7uJbiSU/getUpdates "HTTP/1.1 200 OK"
2025-09-28 16:59:24,011 - httpx - INFO - HTTP Request: POST https://api.telegram.org/bot8343972861:AAEUAY6VAoAsWn58RzlaCCkzjEFN7uJbiSU/getUpdates "HTTP/1.1 200 OK"
2025-09-28 16:59:34,079 - httpx - INFO - HTTP Request: POST https://api.telegram.org/bot8343972861:AAEUAY6VAoAsWn58RzlaCCkzjEFN7uJbiSU/getUpdates "HTTP/1.1 200 OK"
2025-09-28 16:59:44,156 - httpx - INFO - HTTP Request: POST https://api.telegram.org/bot8343972861:AAEUAY6VAoAsWn58RzlaCCkzjEFN7uJbiSU/getUpdates "HTTP/1.1 200 OK"
2025-09-28 16:59:54,218 - httpx - INFO - HTTP Request: POST https://api.telegram.org/bot8343972861:AAEUAY6VAoAsWn58RzlaCCkzjEFN7uJbiSU/getUpdates "HTTP/1.1 200 OK"
2025-09-28 17:00:04,278 - httpx - INFO - HTTP Request: POST https://api.telegram.org/bot8343972861:AAEUAY6VAoAsWn58RzlaCCkzjEFN7uJbiSU/getUpdates "HTTP/1.1 200 OK"
2025-09-28 17:00:14,471 - httpx - INFO - HTTP Request: POST https://api.telegram.org/bot8343972861:AAEUAY6VAoAsWn58RzlaCCkzjEFN7uJbiSU/getUpdates "HTTP/1.1 200 OK"
2025-09-28 17:00:24,540 - httpx - INFO - HTTP Request: POST https://api.telegram.org/bot8343972861:AAEUAY6VAoAsWn58RzlaCCkzjEFN7uJbiSU/getUpdates "HTTP/1.1 200 OK"
2025-09-28 17:00:34,603 - httpx - INFO - HTTP Request: POST https://api.telegram.org/bot8343972861:AAEUAY6VAoAsWn58RzlaCCkzjEFN7uJbiSU/getUpdates "HTTP/1.1 200 OK"
2025-09-28 17:00:44,666 - httpx - INFO - HTTP Request: POST https://api.telegram.org/bot8343972861:AAEUAY6VAoAsWn58RzlaCCkzjEFN7uJbiSU/getUpdates "HTTP/1.1 200 OK"
2025-09-28 17:00:54,731 - httpx - INFO - HTTP Request: POST https://api.telegram.org/bot8343972861:AAEUAY6VAoAsWn58RzlaCCkzjEFN7uJbiSU/getUpdates "HTTP/1.1 200 OK"
2025-09-28 17:01:04,793 - httpx - INFO - HTTP Request: POST https://api.telegram.org/bot8343972861:AAEUAY6VAoAsWn58RzlaCCkzjEFN7uJbiSU/getUpdates "HTTP/1.1 200 OK"
2025-09-28 17:01:14,856 - httpx - INFO - HTTP Request: POST https://api.telegram.org/bot8343972861:AAEUAY6VAoAsWn58RzlaCCkzjEFN7uJbiSU/getUpdates "HTTP/1.1 200 OK"
2025-09-28 17:01:24,922 - httpx - INFO - HTTP Request: POST https://api.telegram.org/bot8343972861:AAEUAY6VAoAsWn58RzlaCCkzjEFN7uJbiSU/getUpdates "HTTP/1.1 200 OK"
2025-09-28 17:01:34,987 - httpx - INFO - HTTP Request: POST https://api.telegram.org/bot8343972861:AAEUAY6VAoAsWn58RzlaCCkzjEFN7uJbiSU/getUpdates "HTTP/1.1 200 OK"
2025-09-28 17:01:45,052 - httpx - INFO - HTTP Request: POST https://api.telegram.org/bot8343972861:AAEUAY6VAoAsWn58RzlaCCkzjEFN7uJbiSU/getUpdates "HTTP/1.1 200 OK"
2025-09-28 17:01:55,115 - httpx - INFO - HTTP Request: POST https://api.telegram.org/bot8343972861:AAEUAY6VAoAsWn58RzlaCCkzjEFN7uJbiSU/getUpdates "HTTP/1.1 200 OK"
2025-09-28 17:02:05,180 - httpx - INFO - HTTP Request: POST https://api.telegram.org/bot8343972861:AAEUAY6VAoAsWn58RzlaCCkzjEFN7uJbiSU/getUpdates "HTTP/1.1 200 OK"
2025-09-28 17:02:15,248 - httpx - INFO - HTTP Request: POST https://api.telegram.org/bot8343972861:AAEUAY6VAoAsWn58RzlaCCkzjEFN7uJbiSU/getUpdates "HTTP/1.1 200 OK"
2025-09-28 17:02:25,314 - httpx - INFO - HTTP Request: POST https://api.telegram.org/bot8343972861:AAEUAY6VAoAsWn58RzlaCCkzjEFN7uJbiSU/getUpdates "HTTP/1.1 200 OK"
2025-09-28 17:02:35,379 - httpx - INFO - HTTP Request: POST https://api.telegram.org/bot8343972861:AAEUAY6VAoAsWn58RzlaCCkzjEFN7uJbiSU/getUpdates "HTTP/1.1 200 OK"
2025-09-28 17:02:45,439 - httpx - INFO - HTTP Request: POST https://api.telegram.org/bot8343972861:AAEUAY6VAoAsWn58RzlaCCkzjEFN7uJbiSU/getUpdates "HTTP/1.1 200 OK"
2025-09-28 17:02:55,503 - httpx - INFO - HTTP Request: POST https://api.telegram.org/bot8343972861:AAEUAY6VAoAsWn58RzlaCCkzjEFN7uJbiSU/getUpdates "HTTP/1.1 200 OK"
2025-09-28 17:03:05,566 - httpx - INFO - HTTP Request: POST https://api.telegram.org/bot8343972861:AAEUAY6VAoAsWn58RzlaCCkzjEFN7uJbiSU/getUpdates "HTTP/1.1 200 OK"
2025-09-28 17:03:15,631 - httpx - INFO - HTTP Request: POST https://api.telegram.org/bot8343972861:AAEUAY6VAoAsWn58RzlaCCkzjEFN7uJbiSU/getUpdates "HTTP/1.1 200 OK"
2025-09-28 17:03:25,697 - httpx - INFO - HTTP Request: POST https://api.telegram.org/bot8343972861:AAEUAY6VAoAsWn58RzlaCCkzjEFN7uJbiSU/getUpdates "HTTP/1.1 200 OK"
2025-09-28 17:03:35,769 - httpx - INFO - HTTP Request: POST https://api.telegram.org/bot8343972861:AAEUAY6VAoAsWn58RzlaCCkzjEFN7uJbiSU/getUpdates "HTTP/1.1 200 OK"
2025-09-28 17:20:28,324 - __main__ - ERROR - Ошибка: httpx.ReadError: 
2025-09-28 17:36:07,423 - __main__ - ERROR - Ошибка: httpx.ConnectError: [Errno 8] nodename nor servname provided, or not known
2025-09-28 17:51:16,383 - __main__ - ERROR - Ошибка: httpx.ConnectError: [Errno 8] nodename nor servname provided, or not known
2025-09-28 18:06:49,453 - __main__ - ERROR - Ошибка: httpx.ConnectError: [Errno 8] nodename nor servname provided, or not known
2025-09-28 18:14:19,385 - __main__ - ERROR - Ошибка: httpx.ConnectError: [Errno 8] nodename nor servname provided, or not known
2025-09-28 18:32:27,500 - __main__ - ERROR - Ошибка: httpx.ConnectError: [Errno 8] nodename nor servname provided, or not known
2025-09-28 18:49:52,260 - __main__ - ERROR - Ошибка: httpx.ConnectError: [Errno 8] nodename nor servname provided, or not known
2025-09-28 19:04:35,410 - __main__ - ERROR - Ошибка: httpx.ConnectError: [Errno 8] nodename nor servname provided, or not known
2025-09-28 19:06:47,262 - __main__ - ERROR - Ошибка: httpx.ConnectError: [Errno 8] nodename nor servname provided, or not known
2025-09-28 19:13:19,679 - __main__ - ERROR - Ошибка: httpx.ConnectError: [Errno 8] nodename nor servname provided, or not known
2025-09-28 19:13:32,268 - httpx - INFO - HTTP Request: POST https://api.telegram.org/bot8343972861:AAEUAY6VAoAsWn58RzlaCCkzjEFN7uJbiSU/getUpdates "HTTP/1.1 200 OK"
2025-09-28 19:13:42,383 - httpx - INFO - HTTP Request: POST https://api.telegram.org/bot8343972861:AAEUAY6VAoAsWn58RzlaCCkzjEFN7uJbiSU/getUpdates "HTTP/1.1 200 OK"
2025-09-28 19:13:52,438 - httpx - INFO - HTTP Request: POST https://api.telegram.org/bot8343972861:AAEUAY6VAoAsWn58RzlaCCkzjEFN7uJbiSU/getUpdates "HTTP/1.1 200 OK"
2025-09-28 19:29:48,390 - __main__ - ERROR - Ошибка: httpx.ReadError: 
2025-09-28 19:29:59,717 - httpx - INFO - HTTP Request: POST https://api.telegram.org/bot8343972861:AAEUAY6VAoAsWn58RzlaCCkzjEFN7uJbiSU/getUpdates "HTTP/1.1 200 OK"
2025-09-28 19:47:14,223 - __main__ - ERROR - Ошибка: httpx.ReadError: 
2025-09-28 19:47:25,491 - httpx - INFO - HTTP Request: POST https://api.telegram.org/bot8343972861:AAEUAY6VAoAsWn58RzlaCCkzjEFN7uJbiSU/getUpdates "HTTP/1.1 200 OK"
2025-09-28 19:47:35,554 - httpx - INFO - HTTP Request: POST https://api.telegram.org/bot8343972861:AAEUAY6VAoAsWn58RzlaCCkzjEFN7uJbiSU/getUpdates "HTTP/1.1 200 OK"
2025-09-28 20:04:56,151 - __main__ - ERROR - Ошибка: httpx.ReadError: 
2025-09-28 20:05:07,472 - httpx - INFO - HTTP Request: POST https://api.telegram.org/bot8343972861:AAEUAY6VAoAsWn58RzlaCCkzjEFN7uJbiSU/getUpdates "HTTP/1.1 200 OK"
2025-09-28 20:05:17,536 - httpx - INFO - HTTP Request: POST https://api.telegram.org/bot8343972861:AAEUAY6VAoAsWn58RzlaCCkzjEFN7uJbiSU/getUpdates "HTTP/1.1 200 OK"
2025-09-28 20:23:01,116 - __main__ - ERROR - Ошибка: httpx.ReadError: 
2025-09-28 20:23:12,598 - httpx - INFO - HTTP Request: POST https://api.telegram.org/bot8343972861:AAEUAY6VAoAsWn58RzlaCCkzjEFN7uJbiSU/getUpdates "HTTP/1.1 200 OK"
2025-09-28 20:23:22,652 - httpx - INFO - HTTP Request: POST https://api.telegram.org/bot8343972861:AAEUAY6VAoAsWn58RzlaCCkzjEFN7uJbiSU/getUpdates "HTTP/1.1 200 OK"
2025-09-28 20:38:45,240 - __main__ - ERROR - Ошибка: httpx.ReadError: 
2025-09-28 20:38:56,558 - httpx - INFO - HTTP Request: POST https://api.telegram.org/bot8343972861:AAEUAY6VAoAsWn58RzlaCCkzjEFN7uJbiSU/getUpdates "HTTP/1.1 200 OK"
2025-09-28 20:39:06,630 - httpx - INFO - HTTP Request: POST https://api.telegram.org/bot8343972861:AAEUAY6VAoAsWn58RzlaCCkzjEFN7uJbiSU/getUpdates "HTTP/1.1 200 OK"
2025-09-28 20:55:14,239 - __main__ - ERROR - Ошибка: httpx.ReadError: 
2025-09-28 20:55:25,538 - httpx - INFO - HTTP Request: POST https://api.telegram.org/bot8343972861:AAEUAY6VAoAsWn58RzlaCCkzjEFN7uJbiSU/getUpdates "HTTP/1.1 200 OK"
2025-09-28 20:55:35,699 - httpx - INFO - HTTP Request: POST https://api.telegram.org/bot8343972861:AAEUAY6VAoAsWn58RzlaCCkzjEFN7uJbiSU/getUpdates "HTTP/1.1 200 OK"
2025-09-28 21:05:56,210 - __main__ - ERROR - Ошибка: httpx.ReadError: 
2025-09-28 21:06:07,522 - httpx - INFO - HTTP Request: POST https://api.telegram.org/bot8343972861:AAEUAY6VAoAsWn58RzlaCCkzjEFN7uJbiSU/getUpdates "HTTP/1.1 200 OK"
2025-09-28 21:06:17,622 - httpx - INFO - HTTP Request: POST https://api.telegram.org/bot8343972861:AAEUAY6VAoAsWn58RzlaCCkzjEFN7uJbiSU/getUpdates "HTTP/1.1 200 OK"
2025-09-28 21:06:27,678 - httpx - INFO - HTTP Request: POST https://api.telegram.org/bot8343972861:AAEUAY6VAoAsWn58RzlaCCkzjEFN7uJbiSU/getUpdates "HTTP/1.1 200 OK"
2025-09-28 21:06:37,741 - httpx - INFO - HTTP Request: POST https://api.telegram.org/bot8343972861:AAEUAY6VAoAsWn58RzlaCCkzjEFN7uJbiSU/getUpdates "HTTP/1.1 200 OK"
2025-09-28 21:22:51,197 - __main__ - ERROR - Ошибка: httpx.ReadError: 
2025-09-28 21:23:02,487 - httpx - INFO - HTTP Request: POST https://api.telegram.org/bot8343972861:AAEUAY6VAoAsWn58RzlaCCkzjEFN7uJbiSU/getUpdates "HTTP/1.1 200 OK"
2025-09-28 21:23:12,619 - httpx - INFO - HTTP Request: POST https://api.telegram.org/bot8343972861:AAEUAY6VAoAsWn58RzlaCCkzjEFN7uJbiSU/getUpdates "HTTP/1.1 200 OK"
2025-09-28 21:39:31,206 - __main__ - ERROR - Ошибка: httpx.ReadError: 
2025-09-28 21:39:42,603 - httpx - INFO - HTTP Request: POST https://api.telegram.org/bot8343972861:AAEUAY6VAoAsWn58RzlaCCkzjEFN7uJbiSU/getUpdates "HTTP/1.1 200 OK"
2025-09-28 21:39:52,738 - httpx - INFO - HTTP Request: POST https://api.telegram.org/bot8343972861:AAEUAY6VAoAsWn58RzlaCCkzjEFN7uJbiSU/getUpdates "HTTP/1.1 200 OK"
2025-09-28 21:54:57,281 - __main__ - ERROR - Ошибка: httpx.ReadError: 
2025-09-28 21:55:08,583 - httpx - INFO - HTTP Request: POST https://api.telegram.org/bot8343972861:AAEUAY6VAoAsWn58RzlaCCkzjEFN7uJbiSU/getUpdates "HTTP/1.1 200 OK"
2025-09-28 21:55:18,747 - httpx - INFO - HTTP Request: POST https://api.telegram.org/bot8343972861:AAEUAY6VAoAsWn58RzlaCCkzjEFN7uJbiSU/getUpdates "HTTP/1.1 200 OK"
2025-09-28 22:06:56,287 - __main__ - ERROR - Ошибка: httpx.ReadError: 
2025-09-28 22:07:07,604 - httpx - INFO - HTTP Request: POST https://api.telegram.org/bot8343972861:AAEUAY6VAoAsWn58RzlaCCkzjEFN7uJbiSU/getUpdates "HTTP/1.1 200 OK"
2025-09-28 22:07:17,686 - httpx - INFO - HTTP Request: POST https://api.telegram.org/bot8343972861:AAEUAY6VAoAsWn58RzlaCCkzjEFN7uJbiSU/getUpdates "HTTP/1.1 200 OK"
2025-09-28 22:07:27,751 - httpx - INFO - HTTP Request: POST https://api.telegram.org/bot8343972861:AAEUAY6VAoAsWn58RzlaCCkzjEFN7uJbiSU/getUpdates "HTTP/1.1 200 OK"
2025-09-28 22:07:37,811 - httpx - INFO - HTTP Request: POST https://api.telegram.org/bot8343972861:AAEUAY6VAoAsWn58RzlaCCkzjEFN7uJbiSU/getUpdates "HTTP/1.1 200 OK"
2025-09-28 22:23:13,278 - __main__ - ERROR - Ошибка: httpx.ReadError: 
2025-09-28 22:23:24,560 - httpx - INFO - HTTP Request: POST https://api.telegram.org/bot8343972861:AAEUAY6VAoAsWn58RzlaCCkzjEFN7uJbiSU/getUpdates "HTTP/1.1 200 OK"
2025-09-28 22:23:34,704 - httpx - INFO - HTTP Request: POST https://api.telegram.org/bot8343972861:AAEUAY6VAoAsWn58RzlaCCkzjEFN7uJbiSU/getUpdates "HTTP/1.1 200 OK"
2025-09-28 22:38:50,290 - __main__ - ERROR - Ошибка: httpx.ReadError: 
2025-09-28 22:39:01,592 - httpx - INFO - HTTP Request: POST https://api.telegram.org/bot8343972861:AAEUAY6VAoAsWn58RzlaCCkzjEFN7uJbiSU/getUpdates "HTTP/1.1 200 OK"
2025-09-28 22:39:11,768 - httpx - INFO - HTTP Request: POST https://api.telegram.org/bot8343972861:AAEUAY6VAoAsWn58RzlaCCkzjEFN7uJbiSU/getUpdates "HTTP/1.1 200 OK"
2025-09-28 22:55:16,719 - __main__ - ERROR - Ошибка: httpx.ReadError: 
2025-09-28 22:55:28,043 - httpx - INFO - HTTP Request: POST https://api.telegram.org/bot8343972861:AAEUAY6VAoAsWn58RzlaCCkzjEFN7uJbiSU/getUpdates "HTTP/1.1 200 OK"
2025-09-28 22:55:38,134 - httpx - INFO - HTTP Request: POST https://api.telegram.org/bot8343972861:AAEUAY6VAoAsWn58RzlaCCkzjEFN7uJbiSU/getUpdates "HTTP/1.1 200 OK"
2025-09-28 22:55:48,190 - httpx - INFO - HTTP Request: POST https://api.telegram.org/bot8343972861:AAEUAY6VAoAsWn58RzlaCCkzjEFN7uJbiSU/getUpdates "HTTP/1.1 200 OK"
2025-09-28 22:55:58,309 - httpx - INFO - HTTP Request: POST https://api.telegram.org/bot8343972861:AAEUAY6VAoAsWn58RzlaCCkzjEFN7uJbiSU/getUpdates "HTTP/1.1 200 OK"
2025-09-28 22:56:08,366 - httpx - INFO - HTTP Request: POST https://api.telegram.org/bot8343972861:AAEUAY6VAoAsWn58RzlaCCkzjEFN7uJbiSU/getUpdates "HTTP/1.1 200 OK"
2025-09-28 22:56:18,513 - httpx - INFO - HTTP Request: POST https://api.telegram.org/bot8343972861:AAEUAY6VAoAsWn58RzlaCCkzjEFN7uJbiSU/getUpdates "HTTP/1.1 200 OK"
2025-09-28 22:56:28,573 - httpx - INFO - HTTP Request: POST https://api.telegram.org/bot8343972861:AAEUAY6VAoAsWn58RzlaCCkzjEFN7uJbiSU/getUpdates "HTTP/1.1 200 OK"
2025-09-28 22:56:38,655 - httpx - INFO - HTTP Request: POST https://api.telegram.org/bot8343972861:AAEUAY6VAoAsWn58RzlaCCkzjEFN7uJbiSU/getUpdates "HTTP/1.1 200 OK"
2025-09-28 22:56:48,707 - httpx - INFO - HTTP Request: POST https://api.telegram.org/bot8343972861:AAEUAY6VAoAsWn58RzlaCCkzjEFN7uJbiSU/getUpdates "HTTP/1.1 200 OK"
2025-09-28 22:56:58,765 - httpx - INFO - HTTP Request: POST https://api.telegram.org/bot8343972861:AAEUAY6VAoAsWn58RzlaCCkzjEFN7uJbiSU/getUpdates "HTTP/1.1 200 OK"
2025-09-28 22:57:08,818 - httpx - INFO - HTTP Request: POST https://api.telegram.org/bot8343972861:AAEUAY6VAoAsWn58RzlaCCkzjEFN7uJbiSU/getUpdates "HTTP/1.1 200 OK"
2025-09-28 22:57:18,875 - httpx - INFO - HTTP Request: POST https://api.telegram.org/bot8343972861:AAEUAY6VAoAsWn58RzlaCCkzjEFN7uJbiSU/getUpdates "HTTP/1.1 200 OK"
2025-09-28 22:57:28,932 - httpx - INFO - HTTP Request: POST https://api.telegram.org/bot8343972861:AAEUAY6VAoAsWn58RzlaCCkzjEFN7uJbiSU/getUpdates "HTTP/1.1 200 OK"
2025-09-28 22:57:38,989 - httpx - INFO - HTTP Request: POST https://api.telegram.org/bot8343972861:AAEUAY6VAoAsWn58RzlaCCkzjEFN7uJbiSU/getUpdates "HTTP/1.1 200 OK"
2025-09-28 22:57:49,049 - httpx - INFO - HTTP Request: POST https://api.telegram.org/bot8343972861:AAEUAY6VAoAsWn58RzlaCCkzjEFN7uJbiSU/getUpdates "HTTP/1.1 200 OK"
2025-09-28 22:58:14,350 - httpx - INFO - HTTP Request: POST https://api.telegram.org/bot8343972861:AAEUAY6VAoAsWn58RzlaCCkzjEFN7uJbiSU/getUpdates "HTTP/1.1 200 OK"
2025-09-28 22:58:24,414 - httpx - INFO - HTTP Request: POST https://api.telegram.org/bot8343972861:AAEUAY6VAoAsWn58RzlaCCkzjEFN7uJbiSU/getUpdates "HTTP/1.1 200 OK"
2025-09-28 22:58:34,538 - httpx - INFO - HTTP Request: POST https://api.telegram.org/bot8343972861:AAEUAY6VAoAsWn58RzlaCCkzjEFN7uJbiSU/getUpdates "HTTP/1.1 200 OK"
2025-09-28 22:58:44,665 - httpx - INFO - HTTP Request: POST https://api.telegram.org/bot8343972861:AAEUAY6VAoAsWn58RzlaCCkzjEFN7uJbiSU/getUpdates "HTTP/1.1 200 OK"
2025-09-28 22:58:54,821 - httpx - INFO - HTTP Request: POST https://api.telegram.org/bot8343972861:AAEUAY6VAoAsWn58RzlaCCkzjEFN7uJbiSU/getUpdates "HTTP/1.1 200 OK"
2025-09-28 22:59:04,889 - httpx - INFO - HTTP Request: POST https://api.telegram.org/bot8343972861:AAEUAY6VAoAsWn58RzlaCCkzjEFN7uJbiSU/getUpdates "HTTP/1.1 200 OK"
2025-09-28 22:59:14,958 - httpx - INFO - HTTP Request: POST https://api.telegram.org/bot8343972861:AAEUAY6VAoAsWn58RzlaCCkzjEFN7uJbiSU/getUpdates "HTTP/1.1 200 OK"
2025-09-28 22:59:25,033 - httpx - INFO - HTTP Request: POST https://api.telegram.org/bot8343972861:AAEUAY6VAoAsWn58RzlaCCkzjEFN7uJbiSU/getUpdates "HTTP/1.1 200 OK"
2025-09-28 22:59:35,105 - httpx - INFO - HTTP Request: POST https://api.telegram.org/bot8343972861:AAEUAY6VAoAsWn58RzlaCCkzjEFN7uJbiSU/getUpdates "HTTP/1.1 200 OK"
2025-09-28 22:59:45,180 - httpx - INFO - HTTP Request: POST https://api.telegram.org/bot8343972861:AAEUAY6VAoAsWn58RzlaCCkzjEFN7uJbiSU/getUpdates "HTTP/1.1 200 OK"
2025-09-28 22:59:55,243 - httpx - INFO - HTTP Request: POST https://api.telegram.org/bot8343972861:AAEUAY6VAoAsWn58RzlaCCkzjEFN7uJbiSU/getUpdates "HTTP/1.1 200 OK"
2025-09-28 23:00:05,314 - httpx - INFO - HTTP Request: POST https://api.telegram.org/bot8343972861:AAEUAY6VAoAsWn58RzlaCCkzjEFN7uJbiSU/getUpdates "HTTP/1.1 200 OK"
2025-09-28 23:00:15,387 - httpx - INFO - HTTP Request: POST https://api.telegram.org/bot8343972861:AAEUAY6VAoAsWn58RzlaCCkzjEFN7uJbiSU/getUpdates "HTTP/1.1 200 OK"
2025-09-28 23:00:25,451 - httpx - INFO - HTTP Request: POST https://api.telegram.org/bot8343972861:AAEUAY6VAoAsWn58RzlaCCkzjEFN7uJbiSU/getUpdates "HTTP/1.1 200 OK"
2025-09-28 23:00:35,623 - httpx - INFO - HTTP Request: POST https://api.telegram.org/bot8343972861:AAEUAY6VAoAsWn58RzlaCCkzjEFN7uJbiSU/getUpdates "HTTP/1.1 200 OK"
2025-09-28 23:00:45,691 - httpx - INFO - HTTP Request: POST https://api.telegram.org/bot8343972861:AAEUAY6VAoAsWn58RzlaCCkzjEFN7uJbiSU/getUpdates "HTTP/1.1 200 OK"
2025-09-28 23:00:55,759 - httpx - INFO - HTTP Request: POST https://api.telegram.org/bot8343972861:AAEUAY6VAoAsWn58RzlaCCkzjEFN7uJbiSU/getUpdates "HTTP/1.1 200 OK"
2025-09-28 23:01:05,824 - httpx - INFO - HTTP Request: POST https://api.telegram.org/bot8343972861:AAEUAY6VAoAsWn58RzlaCCkzjEFN7uJbiSU/getUpdates "HTTP/1.1 200 OK"
2025-09-28 23:01:15,968 - httpx - INFO - HTTP Request: POST https://api.telegram.org/bot8343972861:AAEUAY6VAoAsWn58RzlaCCkzjEFN7uJbiSU/getUpdates "HTTP/1.1 200 OK"
2025-09-28 23:01:26,045 - httpx - INFO - HTTP Request: POST https://api.telegram.org/bot8343972861:AAEUAY6VAoAsWn58RzlaCCkzjEFN7uJbiSU/getUpdates "HTTP/1.1 200 OK"
2025-09-28 23:01:36,109 - httpx - INFO - HTTP Request: POST https://api.telegram.org/bot8343972861:AAEUAY6VAoAsWn58RzlaCCkzjEFN7uJbiSU/getUpdates "HTTP/1.1 200 OK"
2025-09-28 23:01:46,180 - httpx - INFO - HTTP Request: POST https://api.telegram.org/bot8343972861:AAEUAY6VAoAsWn58RzlaCCkzjEFN7uJbiSU/getUpdates "HTTP/1.1 200 OK"
2025-09-28 23:01:56,245 - httpx - INFO - HTTP Request: POST https://api.telegram.org/bot8343972861:AAEUAY6VAoAsWn58RzlaCCkzjEFN7uJbiSU/getUpdates "HTTP/1.1 200 OK"
2025-09-28 23:02:06,314 - httpx - INFO - HTTP Request: POST https://api.telegram.org/bot8343972861:AAEUAY6VAoAsWn58RzlaCCkzjEFN7uJbiSU/getUpdates "HTTP/1.1 200 OK"
2025-09-28 23:02:16,382 - httpx - INFO - HTTP Request: POST https://api.telegram.org/bot8343972861:AAEUAY6VAoAsWn58RzlaCCkzjEFN7uJbiSU/getUpdates "HTTP/1.1 200 OK"
2025-09-28 23:02:26,449 - httpx - INFO - HTTP Request: POST https://api.telegram.org/bot8343972861:AAEUAY6VAoAsWn58RzlaCCkzjEFN7uJbiSU/getUpdates "HTTP/1.1 200 OK"
2025-09-28 23:02:36,513 - httpx - INFO - HTTP Request: POST https://api.telegram.org/bot8343972861:AAEUAY6VAoAsWn58RzlaCCkzjEFN7uJbiSU/getUpdates "HTTP/1.1 200 OK"
2025-09-28 23:02:46,694 - httpx - INFO - HTTP Request: POST https://api.telegram.org/bot8343972861:AAEUAY6VAoAsWn58RzlaCCkzjEFN7uJbiSU/getUpdates "HTTP/1.1 200 OK"
2025-09-28 23:02:56,824 - httpx - INFO - HTTP Request: POST https://api.telegram.org/bot8343972861:AAEUAY6VAoAsWn58RzlaCCkzjEFN7uJbiSU/getUpdates "HTTP/1.1 200 OK"
2025-09-28 23:03:06,889 - httpx - INFO - HTTP Request: POST https://api.telegram.org/bot8343972861:AAEUAY6VAoAsWn58RzlaCCkzjEFN7uJbiSU/getUpdates "HTTP/1.1 200 OK"
2025-09-28 23:03:16,962 - httpx - INFO - HTTP Request: POST https://api.telegram.org/bot8343972861:AAEUAY6VAoAsWn58RzlaCCkzjEFN7uJbiSU/getUpdates "HTTP/1.1 200 OK"
2025-09-28 23:03:27,034 - httpx - INFO - HTTP Request: POST https://api.telegram.org/bot8343972861:AAEUAY6VAoAsWn58RzlaCCkzjEFN7uJbiSU/getUpdates "HTTP/1.1 200 OK"
2025-09-28 23:03:37,099 - httpx - INFO - HTTP Request: POST https://api.telegram.org/bot8343972861:AAEUAY6VAoAsWn58RzlaCCkzjEFN7uJbiSU/getUpdates "HTTP/1.1 200 OK"
2025-09-28 23:03:47,170 - httpx - INFO - HTTP Request: POST https://api.telegram.org/bot8343972861:AAEUAY6VAoAsWn58RzlaCCkzjEFN7uJbiSU/getUpdates "HTTP/1.1 200 OK"
2025-09-28 23:03:57,241 - httpx - INFO - HTTP Request: POST https://api.telegram.org/bot8343972861:AAEUAY6VAoAsWn58RzlaCCkzjEFN7uJbiSU/getUpdates "HTTP/1.1 200 OK"
2025-09-28 23:04:07,376 - httpx - INFO - HTTP Request: POST https://api.telegram.org/bot8343972861:AAEUAY6VAoAsWn58RzlaCCkzjEFN7uJbiSU/getUpdates "HTTP/1.1 200 OK"
2025-09-28 23:04:17,444 - httpx - INFO - HTTP Request: POST https://api.telegram.org/bot8343972861:AAEUAY6VAoAsWn58RzlaCCkzjEFN7uJbiSU/getUpdates "HTTP/1.1 200 OK"
2025-09-28 23:04:27,513 - httpx - INFO - HTTP Request: POST https://api.telegram.org/bot8343972861:AAEUAY6VAoAsWn58RzlaCCkzjEFN7uJbiSU/getUpdates "HTTP/1.1 200 OK"
2025-09-28 23:04:37,577 - httpx - INFO - HTTP Request: POST https://api.telegram.org/bot8343972861:AAEUAY6VAoAsWn58RzlaCCkzjEFN7uJbiSU/getUpdates "HTTP/1.1 200 OK"
2025-09-28 23:04:47,649 - httpx - INFO - HTTP Request: POST https://api.telegram.org/bot8343972861:AAEUAY6VAoAsWn58RzlaCCkzjEFN7uJbiSU/getUpdates "HTTP/1.1 200 OK"
2025-09-28 23:04:57,759 - httpx - INFO - HTTP Request: POST https://api.telegram.org/bot8343972861:AAEUAY6VAoAsWn58RzlaCCkzjEFN7uJbiSU/getUpdates "HTTP/1.1 200 OK"
2025-09-28 23:05:07,828 - httpx - INFO - HTTP Request: POST https://api.telegram.org/bot8343972861:AAEUAY6VAoAsWn58RzlaCCkzjEFN7uJbiSU/getUpdates "HTTP/1.1 200 OK"
2025-09-28 23:05:17,903 - httpx - INFO - HTTP Request: POST https://api.telegram.org/bot8343972861:AAEUAY6VAoAsWn58RzlaCCkzjEFN7uJbiSU/getUpdates "HTTP/1.1 200 OK"
2025-09-28 23:05:28,068 - httpx - INFO - HTTP Request: POST https://api.telegram.org/bot8343972861:AAEUAY6VAoAsWn58RzlaCCkzjEFN7uJbiSU/getUpdates "HTTP/1.1 200 OK"
2025-09-28 23:05:38,137 - httpx - INFO - HTTP Request: POST https://api.telegram.org/bot8343972861:AAEUAY6VAoAsWn58RzlaCCkzjEFN7uJbiSU/getUpdates "HTTP/1.1 200 OK"
2025-09-28 23:05:48,241 - httpx - INFO - HTTP Request: POST https://api.telegram.org/bot8343972861:AAEUAY6VAoAsWn58RzlaCCkzjEFN7uJbiSU/getUpdates "HTTP/1.1 200 OK"
2025-09-28 23:05:58,305 - httpx - INFO - HTTP Request: POST https://api.telegram.org/bot8343972861:AAEUAY6VAoAsWn58RzlaCCkzjEFN7uJbiSU/getUpdates "HTTP/1.1 200 OK"
2025-09-28 23:06:08,383 - httpx - INFO - HTTP Request: POST https://api.telegram.org/bot8343972861:AAEUAY6VAoAsWn58RzlaCCkzjEFN7uJbiSU/getUpdates "HTTP/1.1 200 OK"
2025-09-28 23:06:18,470 - httpx - INFO - HTTP Request: POST https://api.telegram.org/bot8343972861:AAEUAY6VAoAsWn58RzlaCCkzjEFN7uJbiSU/getUpdates "HTTP/1.1 200 OK"
2025-09-28 23:06:28,537 - httpx - INFO - HTTP Request: POST https://api.telegram.org/bot8343972861:AAEUAY6VAoAsWn58RzlaCCkzjEFN7uJbiSU/getUpdates "HTTP/1.1 200 OK"
2025-09-28 23:06:38,601 - httpx - INFO - HTTP Request: POST https://api.telegram.org/bot8343972861:AAEUAY6VAoAsWn58RzlaCCkzjEFN7uJbiSU/getUpdates "HTTP/1.1 200 OK"
2025-09-28 23:06:48,763 - httpx - INFO - HTTP Request: POST https://api.telegram.org/bot8343972861:AAEUAY6VAoAsWn58RzlaCCkzjEFN7uJbiSU/getUpdates "HTTP/1.1 200 OK"
2025-09-28 23:06:58,899 - httpx - INFO - HTTP Request: POST https://api.telegram.org/bot8343972861:AAEUAY6VAoAsWn58RzlaCCkzjEFN7uJbiSU/getUpdates "HTTP/1.1 200 OK"
2025-09-28 23:07:08,966 - httpx - INFO - HTTP Request: POST https://api.telegram.org/bot8343972861:AAEUAY6VAoAsWn58RzlaCCkzjEFN7uJbiSU/getUpdates "HTTP/1.1 200 OK"
2025-09-28 23:07:19,032 - httpx - INFO - HTTP Request: POST https://api.telegram.org/bot8343972861:AAEUAY6VAoAsWn58RzlaCCkzjEFN7uJbiSU/getUpdates "HTTP/1.1 200 OK"
2025-09-28 23:07:29,098 - httpx - INFO - HTTP Request: POST https://api.telegram.org/bot8343972861:AAEUAY6VAoAsWn58RzlaCCkzjEFN7uJbiSU/getUpdates "HTTP/1.1 200 OK"
2025-09-28 23:07:39,162 - httpx - INFO - HTTP Request: POST https://api.telegram.org/bot8343972861:AAEUAY6VAoAsWn58RzlaCCkzjEFN7uJbiSU/getUpdates "HTTP/1.1 200 OK"
2025-09-28 23:07:49,228 - httpx - INFO - HTTP Request: POST https://api.telegram.org/bot8343972861:AAEUAY6VAoAsWn58RzlaCCkzjEFN7uJbiSU/getUpdates "HTTP/1.1 200 OK"
2025-09-28 23:07:59,299 - httpx - INFO - HTTP Request: POST https://api.telegram.org/bot8343972861:AAEUAY6VAoAsWn58RzlaCCkzjEFN7uJbiSU/getUpdates "HTTP/1.1 200 OK"
2025-09-28 23:08:09,844 - httpx - INFO - HTTP Request: POST https://api.telegram.org/bot8343972861:AAEUAY6VAoAsWn58RzlaCCkzjEFN7uJbiSU/getUpdates "HTTP/1.1 200 OK"
2025-09-28 23:08:19,906 - httpx - INFO - HTTP Request: POST https://api.telegram.org/bot8343972861:AAEUAY6VAoAsWn58RzlaCCkzjEFN7uJbiSU/getUpdates "HTTP/1.1 200 OK"
2025-09-28 23:08:29,977 - httpx - INFO - HTTP Request: POST https://api.telegram.org/bot8343972861:AAEUAY6VAoAsWn58RzlaCCkzjEFN7uJbiSU/getUpdates "HTTP/1.1 200 OK"
2025-09-28 23:08:40,044 - httpx - INFO - HTTP Request: POST https://api.telegram.org/bot8343972861:AAEUAY6VAoAsWn58RzlaCCkzjEFN7uJbiSU/getUpdates "HTTP/1.1 200 OK"
2025-09-28 23:08:50,110 - httpx - INFO - HTTP Request: POST https://api.telegram.org/bot8343972861:AAEUAY6VAoAsWn58RzlaCCkzjEFN7uJbiSU/getUpdates "HTTP/1.1 200 OK"
2025-09-28 23:09:00,177 - httpx - INFO - HTTP Request: POST https://api.telegram.org/bot8343972861:AAEUAY6VAoAsWn58RzlaCCkzjEFN7uJbiSU/getUpdates "HTTP/1.1 200 OK"
2025-09-28 23:09:10,245 - httpx - INFO - HTTP Request: POST https://api.telegram.org/bot8343972861:AAEUAY6VAoAsWn58RzlaCCkzjEFN7uJbiSU/getUpdates "HTTP/1.1 200 OK"
2025-09-28 23:09:20,315 - httpx - INFO - HTTP Request: POST https://api.telegram.org/bot8343972861:AAEUAY6VAoAsWn58RzlaCCkzjEFN7uJbiSU/getUpdates "HTTP/1.1 200 OK"
2025-09-28 23:09:30,451 - httpx - INFO - HTTP Request: POST https://api.telegram.org/bot8343972861:AAEUAY6VAoAsWn58RzlaCCkzjEFN7uJbiSU/getUpdates "HTTP/1.1 200 OK"
2025-09-28 23:09:40,526 - httpx - INFO - HTTP Request: POST https://api.telegram.org/bot8343972861:AAEUAY6VAoAsWn58RzlaCCkzjEFN7uJbiSU/getUpdates "HTTP/1.1 200 OK"
2025-09-28 23:09:50,588 - httpx - INFO - HTTP Request: POST https://api.telegram.org/bot8343972861:AAEUAY6VAoAsWn58RzlaCCkzjEFN7uJbiSU/getUpdates "HTTP/1.1 200 OK"
2025-09-28 23:10:00,656 - httpx - INFO - HTTP Request: POST https://api.telegram.org/bot8343972861:AAEUAY6VAoAsWn58RzlaCCkzjEFN7uJbiSU/getUpdates "HTTP/1.1 200 OK"
2025-09-28 23:10:10,724 - httpx - INFO - HTTP Request: POST https://api.telegram.org/bot8343972861:AAEUAY6VAoAsWn58RzlaCCkzjEFN7uJbiSU/getUpdates "HTTP/1.1 200 OK"
2025-09-28 23:10:20,801 - httpx - INFO - HTTP Request: POST https://api.telegram.org/bot8343972861:AAEUAY6VAoAsWn58RzlaCCkzjEFN7uJbiSU/getUpdates "HTTP/1.1 200 OK"
2025-09-28 23:10:30,864 - httpx - INFO - HTTP Request: POST https://api.telegram.org/bot8343972861:AAEUAY6VAoAsWn58RzlaCCkzjEFN7uJbiSU/getUpdates "HTTP/1.1 200 OK"
2025-09-28 23:10:40,928 - httpx - INFO - HTTP Request: POST https://api.telegram.org/bot8343972861:AAEUAY6VAoAsWn58RzlaCCkzjEFN7uJbiSU/getUpdates "HTTP/1.1 200 OK"
2025-09-28 23:10:51,040 - httpx - INFO - HTTP Request: POST https://api.telegram.org/bot8343972861:AAEUAY6VAoAsWn58RzlaCCkzjEFN7uJbiSU/getUpdates "HTTP/1.1 200 OK"
2025-09-28 23:11:01,105 - httpx - INFO - HTTP Request: POST https://api.telegram.org/bot8343972861:AAEUAY6VAoAsWn58RzlaCCkzjEFN7uJbiSU/getUpdates "HTTP/1.1 200 OK"
2025-09-28 23:11:11,214 - httpx - INFO - HTTP Request: POST https://api.telegram.org/bot8343972861:AAEUAY6VAoAsWn58RzlaCCkzjEFN7uJbiSU/getUpdates "HTTP/1.1 200 OK"
2025-09-28 23:11:21,282 - httpx - INFO - HTTP Request: POST https://api.telegram.org/bot8343972861:AAEUAY6VAoAsWn58RzlaCCkzjEFN7uJbiSU/getUpdates "HTTP/1.1 200 OK"
2025-09-28 23:11:31,373 - httpx - INFO - HTTP Request: POST https://api.telegram.org/bot8343972861:AAEUAY6VAoAsWn58RzlaCCkzjEFN7uJbiSU/getUpdates "HTTP/1.1 200 OK"
2025-09-28 23:11:41,445 - httpx - INFO - HTTP Request: POST https://api.telegram.org/bot8343972861:AAEUAY6VAoAsWn58RzlaCCkzjEFN7uJbiSU/getUpdates "HTTP/1.1 200 OK"
2025-09-28 23:11:51,513 - httpx - INFO - HTTP Request: POST https://api.telegram.org/bot8343972861:AAEUAY6VAoAsWn58RzlaCCkzjEFN7uJbiSU/getUpdates "HTTP/1.1 200 OK"
2025-09-28 23:12:01,584 - httpx - INFO - HTTP Request: POST https://api.telegram.org/bot8343972861:AAEUAY6VAoAsWn58RzlaCCkzjEFN7uJbiSU/getUpdates "HTTP/1.1 200 OK"
2025-09-28 23:12:11,648 - httpx - INFO - HTTP Request: POST https://api.telegram.org/bot8343972861:AAEUAY6VAoAsWn58RzlaCCkzjEFN7uJbiSU/getUpdates "HTTP/1.1 200 OK"
2025-09-28 23:12:21,715 - httpx - INFO - HTTP Request: POST https://api.telegram.org/bot8343972861:AAEUAY6VAoAsWn58RzlaCCkzjEFN7uJbiSU/getUpdates "HTTP/1.1 200 OK"
2025-09-28 23:12:31,807 - httpx - INFO - HTTP Request: POST https://api.telegram.org/bot8343972861:AAEUAY6VAoAsWn58RzlaCCkzjEFN7uJbiSU/getUpdates "HTTP/1.1 200 OK"
2025-09-28 23:12:41,947 - httpx - INFO - HTTP Request: POST https://api.telegram.org/bot8343972861:AAEUAY6VAoAsWn58RzlaCCkzjEFN7uJbiSU/getUpdates "HTTP/1.1 200 OK"
2025-09-28 23:12:52,011 - httpx - INFO - HTTP Request: POST https://api.telegram.org/bot8343972861:AAEUAY6VAoAsWn58RzlaCCkzjEFN7uJbiSU/getUpdates "HTTP/1.1 200 OK"
2025-09-28 23:13:02,077 - httpx - INFO - HTTP Request: POST https://api.telegram.org/bot8343972861:AAEUAY6VAoAsWn58RzlaCCkzjEFN7uJbiSU/getUpdates "HTTP/1.1 200 OK"
2025-09-28 23:13:12,155 - httpx - INFO - HTTP Request: POST https://api.telegram.org/bot8343972861:AAEUAY6VAoAsWn58RzlaCCkzjEFN7uJbiSU/getUpdates "HTTP/1.1 200 OK"
2025-09-28 23:13:22,220 - httpx - INFO - HTTP Request: POST https://api.telegram.org/bot8343972861:AAEUAY6VAoAsWn58RzlaCCkzjEFN7uJbiSU/getUpdates "HTTP/1.1 200 OK"
2025-09-28 23:13:32,288 - httpx - INFO - HTTP Request: POST https://api.telegram.org/bot8343972861:AAEUAY6VAoAsWn58RzlaCCkzjEFN7uJbiSU/getUpdates "HTTP/1.1 200 OK"
2025-09-28 23:13:42,350 - httpx - INFO - HTTP Request: POST https://api.telegram.org/bot8343972861:AAEUAY6VAoAsWn58RzlaCCkzjEFN7uJbiSU/getUpdates "HTTP/1.1 200 OK"
2025-09-28 23:13:52,417 - httpx - INFO - HTTP Request: POST https://api.telegram.org/bot8343972861:AAEUAY6VAoAsWn58RzlaCCkzjEFN7uJbiSU/getUpdates "HTTP/1.1 200 OK"
2025-09-28 23:14:02,532 - httpx - INFO - HTTP Request: POST https://api.telegram.org/bot8343972861:AAEUAY6VAoAsWn58RzlaCCkzjEFN7uJbiSU/getUpdates "HTTP/1.1 200 OK"
2025-09-28 23:14:12,596 - httpx - INFO - HTTP Request: POST https://api.telegram.org/bot8343972861:AAEUAY6VAoAsWn58RzlaCCkzjEFN7uJbiSU/getUpdates "HTTP/1.1 200 OK"
2025-09-28 23:14:22,658 - httpx - INFO - HTTP Request: POST https://api.telegram.org/bot8343972861:AAEUAY6VAoAsWn58RzlaCCkzjEFN7uJbiSU/getUpdates "HTTP/1.1 200 OK"
2025-09-28 23:14:32,719 - httpx - INFO - HTTP Request: POST https://api.telegram.org/bot8343972861:AAEUAY6VAoAsWn58RzlaCCkzjEFN7uJbiSU/getUpdates "HTTP/1.1 200 OK"
